<?xml version="1.0" encoding="UTF-8"?>
<!-- Generated by org.testng.reporters.JUnitReportReporter -->
<testsuite hostname="L135LTRV" failures="0" tests="2" name="qatarlivestock.testcases.LinkedinSocialMediaTest" time="97.154" errors="1" timestamp="2024-03-25T14:46:30 IST" skipped="0">
  <testcase classname="qatarlivestock.testcases.LinkedinSocialMediaTest" name="Login" time="73.500"/>
  <system-out/>
  <testcase classname="qatarlivestock.testcases.LinkedinSocialMediaTest" name="LinkedinVerification" time="23.654">
    <error message="An unknown server-side error occurred while processing the command. Original error: No Chromedriver found that can automate Chrome &#039;122.0.6261&#039;. You could also try to enable automated chromedrivers download as a possible workaround.
Build info: version: &#039;4.18.1&#039;, revision: &#039;b1d3319b48&#039;
System info: os.name: &#039;Windows 10&#039;, os.arch: &#039;amd64&#039;, os.version: &#039;10.0&#039;, java.version: &#039;17.0.7&#039;
Driver info: io.appium.java_client.android.AndroidDriver
Command: [03407cd5-5d73-4658-b769-8607e4aa583a, switchToContext {name=WEBVIEW_com.ust.qatarlivestock.qa}]
Capabilities {appium:app: C:\Users\227547\eclipse-wor..., appium:appPackage: com.ust.qatarlivestock.qa, appium:automationName: UIAutomator2, appium:databaseEnabled: false, appium:desired: {app: C:\Users\227547\eclipse-wor..., automationName: UIAutomator2, deviceName: vivo Y200 5G, platformName: ANDROID, udid: 10BDC125XC000ND}, appium:deviceApiLevel: 33, appium:deviceManufacturer: vivo, appium:deviceModel: V2307, appium:deviceName: 10BDC125XC000ND, appium:deviceScreenDensity: 440, appium:deviceScreenSize: 1080x2400, appium:deviceUDID: 10BDC125XC000ND, appium:javascriptEnabled: true, appium:locationContextEnabled: false, appium:networkConnectionEnabled: true, appium:pixelRatio: 2.75, appium:platformVersion: 13, appium:statBarHeight: 88, appium:takesScreenshot: true, appium:udid: 10BDC125XC000ND, appium:viewportRect: {height: 2103, left: 0, top: 88, width: 1080}, appium:warnings: {}, appium:webStorageEnabled: false, platformName: ANDROID}
Session ID: 03407cd5-5d73-4658-b769-8607e4aa583a" type="io.appium.java_client.NoSuchContextException">
      <![CDATA[io.appium.java_client.NoSuchContextException: An unknown server-side error occurred while processing the command. Original error: No Chromedriver found that can automate Chrome '122.0.6261'. You could also try to enable automated chromedrivers download as a possible workaround.
Build info: version: '4.18.1', revision: 'b1d3319b48'
System info: os.name: 'Windows 10', os.arch: 'amd64', os.version: '10.0', java.version: '17.0.7'
Driver info: io.appium.java_client.android.AndroidDriver
Command: [03407cd5-5d73-4658-b769-8607e4aa583a, switchToContext {name=WEBVIEW_com.ust.qatarlivestock.qa}]
Capabilities {appium:app: C:\Users\227547\eclipse-wor..., appium:appPackage: com.ust.qatarlivestock.qa, appium:automationName: UIAutomator2, appium:databaseEnabled: false, appium:desired: {app: C:\Users\227547\eclipse-wor..., automationName: UIAutomator2, deviceName: vivo Y200 5G, platformName: ANDROID, udid: 10BDC125XC000ND}, appium:deviceApiLevel: 33, appium:deviceManufacturer: vivo, appium:deviceModel: V2307, appium:deviceName: 10BDC125XC000ND, appium:deviceScreenDensity: 440, appium:deviceScreenSize: 1080x2400, appium:deviceUDID: 10BDC125XC000ND, appium:javascriptEnabled: true, appium:locationContextEnabled: false, appium:networkConnectionEnabled: true, appium:pixelRatio: 2.75, appium:platformVersion: 13, appium:statBarHeight: 88, appium:takesScreenshot: true, appium:udid: 10BDC125XC000ND, appium:viewportRect: {height: 2103, left: 0, top: 88, width: 1080}, appium:warnings: {}, appium:webStorageEnabled: false, platformName: ANDROID}
Session ID: 03407cd5-5d73-4658-b769-8607e4aa583a
at io.appium.java_client.remote.SupportsContextSwitching.context(SupportsContextSwitching.java:48)
at qatarlivestock.pagefactory.android.LinkedinSocialMediaElements.clickLinkedin(LinkedinSocialMediaElements.java:66)
at qatarlivestock.testcases.LinkedinSocialMediaTest.LinkedinVerification(LinkedinSocialMediaTest.java:64)
at java.base/jdk.internal.reflect.NativeMethodAccessorImpl.invoke0(Native Method)
at java.base/jdk.internal.reflect.NativeMethodAccessorImpl.invoke(NativeMethodAccessorImpl.java:77)
at java.base/jdk.internal.reflect.DelegatingMethodAccessorImpl.invoke(DelegatingMethodAccessorImpl.java:43)
at java.base/java.lang.reflect.Method.invoke(Method.java:568)
at org.testng.internal.invokers.MethodInvocationHelper.invokeMethod(MethodInvocationHelper.java:139)
at org.testng.internal.invokers.TestInvoker.invokeMethod(TestInvoker.java:677)
at org.testng.internal.invokers.TestInvoker.invokeTestMethod(TestInvoker.java:221)
at org.testng.internal.invokers.MethodRunner.runInSequence(MethodRunner.java:50)
at org.testng.internal.invokers.TestInvoker$MethodInvocationAgent.invoke(TestInvoker.java:969)
at org.testng.internal.invokers.TestInvoker.invokeTestMethods(TestInvoker.java:194)
at org.testng.internal.invokers.TestMethodWorker.invokeTestMethods(TestMethodWorker.java:148)
at org.testng.internal.invokers.TestMethodWorker.run(TestMethodWorker.java:128)
at java.base/java.util.ArrayList.forEach(ArrayList.java:1511)
at org.testng.TestRunner.privateRun(TestRunner.java:829)
at org.testng.TestRunner.run(TestRunner.java:602)
at org.testng.SuiteRunner.runTest(SuiteRunner.java:437)
at org.testng.SuiteRunner.runSequentially(SuiteRunner.java:431)
at org.testng.SuiteRunner.privateRun(SuiteRunner.java:391)
at org.testng.SuiteRunner.run(SuiteRunner.java:330)
at org.testng.SuiteRunnerWorker.runSuite(SuiteRunnerWorker.java:52)
at org.testng.SuiteRunnerWorker.run(SuiteRunnerWorker.java:95)
at org.testng.TestNG.runSuitesSequentially(TestNG.java:1256)
at org.testng.TestNG.runSuitesLocally(TestNG.java:1176)
at org.testng.TestNG.runSuites(TestNG.java:1099)
at org.testng.TestNG.run(TestNG.java:1067)
at org.testng.remote.AbstractRemoteTestNG.run(AbstractRemoteTestNG.java:115)
at org.testng.remote.RemoteTestNG.initAndRun(RemoteTestNG.java:251)
at org.testng.remote.RemoteTestNG.main(RemoteTestNG.java:77)
Caused by: org.openqa.selenium.WebDriverException: An unknown server-side error occurred while processing the command. Original error: No Chromedriver found that can automate Chrome '122.0.6261'. You could also try to enable automated chromedrivers download as a possible workaround.
Build info: version: '4.18.1', revision: 'b1d3319b48'
System info: os.name: 'Windows 10', os.arch: 'amd64', os.version: '10.0', java.version: '17.0.7'
Driver info: io.appium.java_client.android.AndroidDriver
Command: [03407cd5-5d73-4658-b769-8607e4aa583a, switchToContext {name=WEBVIEW_com.ust.qatarlivestock.qa}]
Capabilities {appium:app: C:\Users\227547\eclipse-wor..., appium:appPackage: com.ust.qatarlivestock.qa, appium:automationName: UIAutomator2, appium:databaseEnabled: false, appium:desired: {app: C:\Users\227547\eclipse-wor..., automationName: UIAutomator2, deviceName: vivo Y200 5G, platformName: ANDROID, udid: 10BDC125XC000ND}, appium:deviceApiLevel: 33, appium:deviceManufacturer: vivo, appium:deviceModel: V2307, appium:deviceName: 10BDC125XC000ND, appium:deviceScreenDensity: 440, appium:deviceScreenSize: 1080x2400, appium:deviceUDID: 10BDC125XC000ND, appium:javascriptEnabled: true, appium:locationContextEnabled: false, appium:networkConnectionEnabled: true, appium:pixelRatio: 2.75, appium:platformVersion: 13, appium:statBarHeight: 88, appium:takesScreenshot: true, appium:udid: 10BDC125XC000ND, appium:viewportRect: {height: 2103, left: 0, top: 88, width: 1080}, appium:warnings: {}, appium:webStorageEnabled: false, platformName: ANDROID}
Session ID: 03407cd5-5d73-4658-b769-8607e4aa583a
at java.base/jdk.internal.reflect.NativeConstructorAccessorImpl.newInstance0(Native Method)
at java.base/jdk.internal.reflect.NativeConstructorAccessorImpl.newInstance(NativeConstructorAccessorImpl.java:77)
at java.base/jdk.internal.reflect.DelegatingConstructorAccessorImpl.newInstance(DelegatingConstructorAccessorImpl.java:45)
at java.base/java.lang.reflect.Constructor.newInstanceWithCaller(Constructor.java:499)
at java.base/java.lang.reflect.Constructor.newInstance(Constructor.java:480)
at org.openqa.selenium.remote.codec.w3c.W3CHttpResponseCodec.createException(W3CHttpResponseCodec.java:200)
at org.openqa.selenium.remote.codec.w3c.W3CHttpResponseCodec.decode(W3CHttpResponseCodec.java:133)
at org.openqa.selenium.remote.codec.w3c.W3CHttpResponseCodec.decode(W3CHttpResponseCodec.java:52)
at org.openqa.selenium.remote.HttpCommandExecutor.execute(HttpCommandExecutor.java:191)
at io.appium.java_client.remote.AppiumCommandExecutor.execute(AppiumCommandExecutor.java:250)
at org.openqa.selenium.remote.RemoteWebDriver.execute(RemoteWebDriver.java:602)
at org.openqa.selenium.remote.RemoteWebDriver.execute(RemoteWebDriver.java:675)
at io.appium.java_client.AppiumDriver.execute(AppiumDriver.java:308)
at io.appium.java_client.remote.SupportsContextSwitching.context(SupportsContextSwitching.java:45)
... 30 more
]]>
    </error>
  </testcase> <!-- LinkedinVerification -->
  <system-out/>
</testsuite> <!-- qatarlivestock.testcases.LinkedinSocialMediaTest -->
